Running: C:\Xilinx\14.5\ISE_DS\ISE\bin\nt64\unwrapped\fuse.exe -intstyle ise -incremental -lib unisims_ver -lib unimacro_ver -lib xilinxcorelib_ver -lib secureip -o C:/Users/robin/Desktop/PROJECTS FILES/5MR/AB/testt_isim_beh.exe -prj C:/Users/robin/Desktop/PROJECTS FILES/5MR/AB/testt_beh.prj work.testt work.glbl 
ISim P.58f (signature 0x7708f090)
Number of CPUs detected in this system: 4
Turning on mult-threading, number of parallel sub-compilation jobs: 8 
Determining compilation order of HDL files
Analyzing Verilog file "C:/Users/robin/Desktop/PROJECTS FILES/5MR/AB/re.v" into library work
Analyzing Verilog file "C:/Users/robin/Desktop/PROJECTS FILES/5MR/AB/testt.v" into library work
Analyzing Verilog file "C:/Xilinx/14.5/ISE_DS/ISE//verilog/src/glbl.v" into library work
Starting static elaboration
Completed static elaboration
Compiling module sr12
Compiling module A_block
Compiling module B_block
Compiling module M_block
Compiling module AB
Compiling module testt
Compiling module glbl
Time Resolution for simulation is 1ps.
Waiting for 1 sub-compilation(s) to finish...
Compiled 7 Verilog Units
Built simulation executable C:/Users/robin/Desktop/PROJECTS FILES/5MR/AB/testt_isim_beh.exe
Fuse Memory Usage: 28024 KB
Fuse CPU Usage: 546 ms
