Release 14.5 - xst P.58f (nt64)
Copyright (c) 1995-2012 Xilinx, Inc.  All rights reserved.
--> Parameter TMPDIR set to xst/projnav.tmp


Total REAL time to Xst completion: 0.00 secs
Total CPU time to Xst completion: 0.11 secs
 
--> Parameter xsthdpdir set to xst


Total REAL time to Xst completion: 0.00 secs
Total CPU time to Xst completion: 0.11 secs
 
--> Reading design: scramble.prj

TABLE OF CONTENTS
  1) Synthesis Options Summary
  2) HDL Parsing
  3) HDL Elaboration
  4) HDL Synthesis
       4.1) HDL Synthesis Report
  5) Advanced HDL Synthesis
       5.1) Advanced HDL Synthesis Report
  6) Low Level Synthesis
  7) Partition Report
  8) Design Summary
       8.1) Primitive and Black Box Usage
       8.2) Device utilization summary
       8.3) Partition Resource Summary
       8.4) Timing Report
            8.4.1) Clock Information
            8.4.2) Asynchronous Control Signals Information
            8.4.3) Timing Summary
            8.4.4) Timing Details
            8.4.5) Cross Clock Domains Report


=========================================================================
*                      Synthesis Options Summary                        *
=========================================================================
---- Source Parameters
Input File Name                    : "scramble.prj"
Ignore Synthesis Constraint File   : NO

---- Target Parameters
Output File Name                   : "scramble"
Output Format                      : NGC
Target Device                      : xc7a100t-3-csg324

---- Source Options
Top Module Name                    : scramble
Automatic FSM Extraction           : YES
FSM Encoding Algorithm             : Auto
Safe Implementation                : No
FSM Style                          : LUT
RAM Extraction                     : Yes
RAM Style                          : Auto
ROM Extraction                     : Yes
Shift Register Extraction          : YES
ROM Style                          : Auto
Resource Sharing                   : YES
Asynchronous To Synchronous        : NO
Shift Register Minimum Size        : 2
Use DSP Block                      : Auto
Automatic Register Balancing       : No

---- Target Options
LUT Combining                      : Auto
Reduce Control Sets                : Auto
Add IO Buffers                     : YES
Global Maximum Fanout              : 100000
Add Generic Clock Buffer(BUFG)     : 32
Register Duplication               : YES
Optimize Instantiated Primitives   : NO
Use Clock Enable                   : Auto
Use Synchronous Set                : Auto
Use Synchronous Reset              : Auto
Pack IO Registers into IOBs        : Auto
Equivalent register Removal        : YES

---- General Options
Optimization Goal                  : Speed
Optimization Effort                : 1
Power Reduction                    : NO
Keep Hierarchy                     : No
Netlist Hierarchy                  : As_Optimized
RTL Output                         : Yes
Global Optimization                : AllClockNets
Read Cores                         : YES
Write Timing Constraints           : NO
Cross Clock Analysis               : NO
Hierarchy Separator                : /
Bus Delimiter                      : <>
Case Specifier                     : Maintain
Slice Utilization Ratio            : 100
BRAM Utilization Ratio             : 100
DSP48 Utilization Ratio            : 100
Auto BRAM Packing                  : NO
Slice Utilization Ratio Delta      : 5

=========================================================================


=========================================================================
*                          HDL Parsing                                  *
=========================================================================
Analyzing Verilog file "C:\Users\robin\Desktop\PROJECTS FILES\5MR\scramble\scramble.v" into library work
Parsing module <scramble>.

=========================================================================
*                            HDL Elaboration                            *
=========================================================================

Elaborating module <scramble>.
WARNING:HDLCompiler:413 - "C:\Users\robin\Desktop\PROJECTS FILES\5MR\scramble\scramble.v" Line 17: Result of 5-bit expression is truncated to fit in 1-bit target.

=========================================================================
*                           HDL Synthesis                               *
=========================================================================

Synthesizing Unit <scramble>.
    Related source file is "C:\Users\robin\Desktop\PROJECTS FILES\5MR\scramble\scramble.v".
    Found 5-bit register for signal <op1>.
    Found 5-bit register for signal <op2>.
    Found 5-bit register for signal <op3>.
    Found 5-bit register for signal <op4>.
    Found 5-bit register for signal <op5>.
    Summary:
	inferred  25 D-type flip-flop(s).
Unit <scramble> synthesized.

=========================================================================
HDL Synthesis Report

Macro Statistics
# Registers                                            : 5
 5-bit register                                        : 5

=========================================================================

=========================================================================
*                       Advanced HDL Synthesis                          *
=========================================================================


=========================================================================
Advanced HDL Synthesis Report

Macro Statistics
# Registers                                            : 25
 Flip-Flops                                            : 25

=========================================================================

=========================================================================
*                         Low Level Synthesis                           *
=========================================================================
INFO:Xst:2261 - The FF/Latch <op2_4> in Unit <scramble> is equivalent to the following 4 FFs/Latches, which will be removed : <op3_0> <op1_3> <op4_1> <op5_2> 
INFO:Xst:2261 - The FF/Latch <op2_0> in Unit <scramble> is equivalent to the following 4 FFs/Latches, which will be removed : <op3_1> <op1_4> <op4_2> <op5_3> 
INFO:Xst:2261 - The FF/Latch <op2_1> in Unit <scramble> is equivalent to the following 4 FFs/Latches, which will be removed : <op3_2> <op1_0> <op4_3> <op5_4> 
INFO:Xst:2261 - The FF/Latch <op2_2> in Unit <scramble> is equivalent to the following 4 FFs/Latches, which will be removed : <op3_3> <op1_1> <op4_4> <op5_0> 
INFO:Xst:2261 - The FF/Latch <op2_3> in Unit <scramble> is equivalent to the following 4 FFs/Latches, which will be removed : <op3_4> <op1_2> <op4_0> <op5_1> 

Optimizing unit <scramble> ...

Mapping all equations...
Building and optimizing final netlist ...
Found area constraint ratio of 100 (+ 5) on block scramble, actual ratio is 0.

Final Macro Processing ...

=========================================================================
Final Register Report

Macro Statistics
# Registers                                            : 5
 Flip-Flops                                            : 5

=========================================================================

=========================================================================
*                           Partition Report                            *
=========================================================================

Partition Implementation Status
-------------------------------

  No Partitions were found in this design.

-------------------------------

=========================================================================
*                            Design Summary                             *
=========================================================================

Top Level Output File Name         : scramble.ngc

Primitive and Black Box Usage:
------------------------------
# BELS                             : 5
#      LUT6                        : 5
# FlipFlops/Latches                : 5
#      FD                          : 5
# Clock Buffers                    : 1
#      BUFGP                       : 1
# IO Buffers                       : 15
#      IBUF                        : 10
#      OBUF                        : 5

Device utilization summary:
---------------------------

Selected Device : 7a100tcsg324-3 


Slice Logic Utilization: 
 Number of Slice LUTs:                    5  out of  63400     0%  
    Number used as Logic:                 5  out of  63400     0%  

Slice Logic Distribution: 
 Number of LUT Flip Flop pairs used:      5
   Number with an unused Flip Flop:       5  out of      5   100%  
   Number with an unused LUT:             0  out of      5     0%  
   Number of fully used LUT-FF pairs:     0  out of      5     0%  
   Number of unique control sets:         1

IO Utilization: 
 Number of IOs:                          16
 Number of bonded IOBs:                  16  out of    210     7%  
    IOB Flip Flops/Latches:               5

Specific Feature Utilization:
 Number of BUFG/BUFGCTRL/BUFHCEs:         1  out of    128     0%  

---------------------------
Partition Resource Summary:
---------------------------

  No Partitions were found in this design.

---------------------------


=========================================================================
Timing Report

NOTE: THESE TIMING NUMBERS ARE ONLY A SYNTHESIS ESTIMATE.
      FOR ACCURATE TIMING INFORMATION PLEASE REFER TO THE TRACE REPORT
      GENERATED AFTER PLACE-and-ROUTE.

Clock Information:
------------------
-----------------------------------+------------------------+-------+
Clock Signal                       | Clock buffer(FF name)  | Load  |
-----------------------------------+------------------------+-------+
clk                                | BUFGP                  | 5     |
-----------------------------------+------------------------+-------+

Asynchronous Control Signals Information:
----------------------------------------
No asynchronous control signals found in this design

Timing Summary:
---------------
Speed Grade: -3

   Minimum period: No path found
   Minimum input arrival time before clock: 0.288ns
   Maximum output required time after clock: 1.449ns
   Maximum combinational path delay: 0.934ns

Timing Details:
---------------
All values displayed in nanoseconds (ns)

=========================================================================
Timing constraint: Default OFFSET IN BEFORE for Clock 'clk'
  Total number of paths / destination ports: 5 / 5
-------------------------------------------------------------------------
Offset:              0.288ns (Levels of Logic = 1)
  Source:            ip<1> (PAD)
  Destination:       op2_0 (FF)
  Destination Clock: clk rising

  Data Path: ip<1> to op2_0
                                Gate     Net
    Cell:in->out      fanout   Delay   Delay  Logical Name (Net Name)
    ----------------------------------------  ------------
     IBUF:I->O             1   0.001   0.279  ip_1_IBUF (ip_1_IBUF)
     FD:D                      0.008          op2_0
    ----------------------------------------
    Total                      0.288ns (0.009ns logic, 0.279ns route)
                                       (3.1% logic, 96.9% route)

=========================================================================
Timing constraint: Default OFFSET OUT AFTER for Clock 'clk'
  Total number of paths / destination ports: 25 / 5
-------------------------------------------------------------------------
Offset:              1.449ns (Levels of Logic = 2)
  Source:            op2_2 (FF)
  Destination:       A<4> (PAD)
  Source Clock:      clk rising

  Data Path: op2_2 to A<4>
                                Gate     Net
    Cell:in->out      fanout   Delay   Delay  Logical Name (Net Name)
    ----------------------------------------  ------------
     FD:C->Q               5   0.361   0.712  op2_2 (op2_2)
     LUT6:I0->O            1   0.097   0.279  A<0>1 (A_4_OBUF)
     OBUF:I->O                 0.000          A_4_OBUF (A<4>)
    ----------------------------------------
    Total                      1.449ns (0.458ns logic, 0.991ns route)
                                       (31.6% logic, 68.4% route)

=========================================================================
Timing constraint: Default path analysis
  Total number of paths / destination ports: 5 / 5
-------------------------------------------------------------------------
Delay:               0.934ns (Levels of Logic = 3)
  Source:            x<4> (PAD)
  Destination:       A<4> (PAD)

  Data Path: x<4> to A<4>
                                Gate     Net
    Cell:in->out      fanout   Delay   Delay  Logical Name (Net Name)
    ----------------------------------------  ------------
     IBUF:I->O             1   0.001   0.556  x_4_IBUF (x_4_IBUF)
     LUT6:I2->O            1   0.097   0.279  A<0>1 (A_4_OBUF)
     OBUF:I->O                 0.000          A_4_OBUF (A<4>)
    ----------------------------------------
    Total                      0.934ns (0.098ns logic, 0.836ns route)
                                       (10.5% logic, 89.5% route)

=========================================================================

Cross Clock Domains Report:
--------------------------

=========================================================================


Total REAL time to Xst completion: 9.00 secs
Total CPU time to Xst completion: 8.87 secs
 
--> 

Total memory usage is 482236 kilobytes

Number of errors   :    0 (   0 filtered)
Number of warnings :    1 (   0 filtered)
Number of infos    :    5 (   0 filtered)

